Using pre-set license
Built from '2021.1/staging' branch; Version is '2021.1.5f1 (3737af19df53) revision 3618735'; Using compiler version '192528614'; Build Type 'Release'
OS: 'Windows 10 Home; OS build 19042.1348; Version 2009; 64bit' Language: 'en' Physical Memory: 8072 MB
BatchMode: 1, IsHumanControllingUs: 0, StartBugReporterOnCrash: 0, Is64bit: 1, IsPro: 0

 COMMAND LINE ARGUMENTS:
C:\Program Files\Unity\Hub\Editor\2021.1.5f1\Editor\Unity.exe
-adb2
-batchMode
-noUpm
-name
AssetImportWorker0
-projectPath
C:/Users/Tom/Documents/GitHub/Arithmetic-Encoding/Arithmetic
-logFile
Logs/AssetImportWorker0.log
-srvPort
58764
Successfully changed project path to: C:/Users/Tom/Documents/GitHub/Arithmetic-Encoding/Arithmetic
C:/Users/Tom/Documents/GitHub/Arithmetic-Encoding/Arithmetic
Using Asset Import Pipeline V2.
Refreshing native plugins compatible for Editor in 216.77 ms, found 1 plugins.
Preloading 0 native plugins for Editor in 0.00 ms.
Initialize engine version: 2021.1.5f1 (3737af19df53)
[Subsystems] Discovering subsystems at path C:/Program Files/Unity/Hub/Editor/2021.1.5f1/Editor/Data/Resources/UnitySubsystems
[Subsystems] Discovering subsystems at path C:/Users/Tom/Documents/GitHub/Arithmetic-Encoding/Arithmetic/Assets
GfxDevice: creating device client; threaded=0; jobified=0
Direct3D:
    Version:  Direct3D 11.0 [level 11.1]
    Renderer: Intel(R) HD Graphics 620 (ID=0x5916)
    Vendor:   Intel
    VRAM:     4036 MB
    Driver:   27.20.100.8681
Initialize mono
Mono path[0] = 'C:/Program Files/Unity/Hub/Editor/2021.1.5f1/Editor/Data/Managed'
Mono path[1] = 'C:/Program Files/Unity/Hub/Editor/2021.1.5f1/Editor/Data/MonoBleedingEdge/lib/mono/unityjit'
Mono config path = 'C:/Program Files/Unity/Hub/Editor/2021.1.5f1/Editor/Data/MonoBleedingEdge/etc'
Using monoOptions --debugger-agent=transport=dt_socket,embedding=1,server=y,suspend=n,address=127.0.0.1:56572
Begin MonoManager ReloadAssembly
Registering precompiled unity dll's ...
Register platform support module: C:/Program Files/Unity/Hub/Editor/2021.1.5f1/Editor/Data/PlaybackEngines/WindowsStandaloneSupport/UnityEditor.WindowsStandalone.Extensions.dll
Registered in 0.006324 seconds.
Native extension for WindowsStandalone target not found
Refreshing native plugins compatible for Editor in 195.50 ms, found 1 plugins.
Preloading 0 native plugins for Editor in 0.00 ms.
Mono: successfully reloaded assembly
- Completed reload, in  2.814 seconds
Platform modules already initialized, skipping
Registering precompiled user dll's ...
Registered in 0.007655 seconds.
Begin MonoManager ReloadAssembly
Native extension for WindowsStandalone target not found
Refreshing native plugins compatible for Editor in 0.59 ms, found 1 plugins.
Preloading 0 native plugins for Editor in 0.00 ms.
Mono: successfully reloaded assembly
- Completed reload, in  1.899 seconds
Platform modules already initialized, skipping
========================================================================
Worker process is ready to serve import requests
Launched and connected shader compiler UnityShaderCompiler.exe after 0.06 seconds
Refreshing native plugins compatible for Editor in 0.50 ms, found 1 plugins.
Preloading 0 native plugins for Editor in 0.00 ms.
Unloading 2666 Unused Serialized files (Serialized files now loaded: 0)
System memory in use before: 98.1 MB.
System memory in use after: 98.3 MB.

Unloading 14 unused Assets to reduce memory usage. Loaded Objects now: 3119.
Total: 3.096700 ms (FindLiveObjects: 0.253900 ms CreateObjectMapping: 0.119800 ms MarkObjects: 2.652900 ms  DeleteObjects: 0.068800 ms)

========================================================================
Received Import Request.
  path: Assets/script/CascadeCompression.compute
  artifactKey: Guid(30c71b444788e2c45b8f9e814d21beaf) Importer(815301076,1909f56bfc062723c751e8b465ee728b)
Start importing Assets/script/CascadeCompression.compute using Guid(30c71b444788e2c45b8f9e814d21beaf) Importer(815301076,1909f56bfc062723c751e8b465ee728b)  -> (artifact id: 'ed2858e8d9d86a7e63f359e2276705ef') in 0.052096 seconds 
========================================================================
Received Prepare
Registering precompiled user dll's ...
Registered in 0.006102 seconds.
Begin MonoManager ReloadAssembly
Native extension for WindowsStandalone target not found
Refreshing native plugins compatible for Editor in 0.60 ms, found 1 plugins.
Preloading 0 native plugins for Editor in 0.00 ms.
Mono: successfully reloaded assembly
- Completed reload, in  1.249 seconds
Platform modules already initialized, skipping
Refreshing native plugins compatible for Editor in 0.50 ms, found 1 plugins.
Preloading 0 native plugins for Editor in 0.00 ms.
Unloading 2660 Unused Serialized files (Serialized files now loaded: 0)
System memory in use before: 97.9 MB.
System memory in use after: 98.2 MB.

Unloading 9 unused Assets to reduce memory usage. Loaded Objects now: 3122.
Total: 2.547600 ms (FindLiveObjects: 0.258900 ms CreateObjectMapping: 0.150400 ms MarkObjects: 2.112700 ms  DeleteObjects: 0.024200 ms)

========================================================================
Received Prepare
Registering precompiled user dll's ...
Registered in 0.004504 seconds.
Begin MonoManager ReloadAssembly
Native extension for WindowsStandalone target not found
Refreshing native plugins compatible for Editor in 0.69 ms, found 1 plugins.
Preloading 0 native plugins for Editor in 0.00 ms.
Mono: successfully reloaded assembly
- Completed reload, in  1.421 seconds
Platform modules already initialized, skipping
Refreshing native plugins compatible for Editor in 0.54 ms, found 1 plugins.
Preloading 0 native plugins for Editor in 0.00 ms.
Unloading 2660 Unused Serialized files (Serialized files now loaded: 0)
System memory in use before: 98.0 MB.
System memory in use after: 98.2 MB.

Unloading 9 unused Assets to reduce memory usage. Loaded Objects now: 3125.
Total: 2.489800 ms (FindLiveObjects: 0.284700 ms CreateObjectMapping: 0.201100 ms MarkObjects: 1.978100 ms  DeleteObjects: 0.024500 ms)

========================================================================
Received Import Request.
  Time since last request: 150.627026 seconds.
  path: Assets/script/Main.cs
  artifactKey: Guid(56cab28e461c1154bba5186c044c3f7d) Importer(815301076,1909f56bfc062723c751e8b465ee728b)
Start importing Assets/script/Main.cs using Guid(56cab28e461c1154bba5186c044c3f7d) Importer(815301076,1909f56bfc062723c751e8b465ee728b)  -> (artifact id: '3624bde581dbb855e20855ed4a9a40b2') in 0.012581 seconds 
========================================================================
Received Prepare
Registering precompiled user dll's ...
Registered in 0.012827 seconds.
Begin MonoManager ReloadAssembly
Native extension for WindowsStandalone target not found
Refreshing native plugins compatible for Editor in 0.52 ms, found 1 plugins.
Preloading 0 native plugins for Editor in 0.00 ms.
Mono: successfully reloaded assembly
- Completed reload, in  2.259 seconds
Platform modules already initialized, skipping
Refreshing native plugins compatible for Editor in 0.90 ms, found 1 plugins.
Preloading 0 native plugins for Editor in 0.00 ms.
Unloading 2660 Unused Serialized files (Serialized files now loaded: 0)
System memory in use before: 98.0 MB.
System memory in use after: 98.2 MB.

Unloading 9 unused Assets to reduce memory usage. Loaded Objects now: 3128.
Total: 2.764100 ms (FindLiveObjects: 0.346800 ms CreateObjectMapping: 0.218700 ms MarkObjects: 2.139500 ms  DeleteObjects: 0.056200 ms)

========================================================================
Received Import Request.
  Time since last request: 221.745754 seconds.
  path: Assets/script/Main.cs
  artifactKey: Guid(56cab28e461c1154bba5186c044c3f7d) Importer(815301076,1909f56bfc062723c751e8b465ee728b)
Start importing Assets/script/Main.cs using Guid(56cab28e461c1154bba5186c044c3f7d) Importer(815301076,1909f56bfc062723c751e8b465ee728b)  -> (artifact id: '783c0871d53a7a32abf630b1a934521f') in 0.010232 seconds 
========================================================================
Received Prepare
Registering precompiled user dll's ...
Registered in 0.003751 seconds.
Begin MonoManager ReloadAssembly
Native extension for WindowsStandalone target not found
Refreshing native plugins compatible for Editor in 0.58 ms, found 1 plugins.
Preloading 0 native plugins for Editor in 0.00 ms.
Mono: successfully reloaded assembly
- Completed reload, in  2.091 seconds
Platform modules already initialized, skipping
Refreshing native plugins compatible for Editor in 0.83 ms, found 1 plugins.
Preloading 0 native plugins for Editor in 0.00 ms.
Unloading 2660 Unused Serialized files (Serialized files now loaded: 0)
System memory in use before: 98.0 MB.
System memory in use after: 98.3 MB.

Unloading 9 unused Assets to reduce memory usage. Loaded Objects now: 3131.
Total: 3.830100 ms (FindLiveObjects: 0.308600 ms CreateObjectMapping: 0.215000 ms MarkObjects: 3.275900 ms  DeleteObjects: 0.028800 ms)

========================================================================
Received Import Request.
  Time since last request: 138.148477 seconds.
  path: Assets/script/Main.cs
  artifactKey: Guid(56cab28e461c1154bba5186c044c3f7d) Importer(815301076,1909f56bfc062723c751e8b465ee728b)
Start importing Assets/script/Main.cs using Guid(56cab28e461c1154bba5186c044c3f7d) Importer(815301076,1909f56bfc062723c751e8b465ee728b)  -> (artifact id: '53eb906ee9979d683f8849c9cf7f3392') in 0.027798 seconds 
========================================================================
Received Prepare
Registering precompiled user dll's ...
Registered in 0.005668 seconds.
Begin MonoManager ReloadAssembly
Native extension for WindowsStandalone target not found
Refreshing native plugins compatible for Editor in 0.88 ms, found 1 plugins.
Preloading 0 native plugins for Editor in 0.00 ms.
Mono: successfully reloaded assembly
- Completed reload, in  1.704 seconds
Platform modules already initialized, skipping
Refreshing native plugins compatible for Editor in 1.05 ms, found 1 plugins.
Preloading 0 native plugins for Editor in 0.00 ms.
Unloading 2660 Unused Serialized files (Serialized files now loaded: 0)
System memory in use before: 98.0 MB.
System memory in use after: 98.3 MB.

Unloading 9 unused Assets to reduce memory usage. Loaded Objects now: 3134.
Total: 4.496800 ms (FindLiveObjects: 0.482000 ms CreateObjectMapping: 0.270600 ms MarkObjects: 3.711100 ms  DeleteObjects: 0.030500 ms)

========================================================================
Received Prepare
Registering precompiled user dll's ...
Registered in 0.010999 seconds.
Begin MonoManager ReloadAssembly
Native extension for WindowsStandalone target not found
Refreshing native plugins compatible for Editor in 0.52 ms, found 1 plugins.
Preloading 0 native plugins for Editor in 0.00 ms.
Mono: successfully reloaded assembly
- Completed reload, in  2.075 seconds
Platform modules already initialized, skipping
Refreshing native plugins compatible for Editor in 1.38 ms, found 1 plugins.
Preloading 0 native plugins for Editor in 0.00 ms.
Unloading 2660 Unused Serialized files (Serialized files now loaded: 0)
System memory in use before: 98.0 MB.
System memory in use after: 98.3 MB.

Unloading 9 unused Assets to reduce memory usage. Loaded Objects now: 3137.
Total: 3.486600 ms (FindLiveObjects: 0.953700 ms CreateObjectMapping: 0.287700 ms MarkObjects: 2.218700 ms  DeleteObjects: 0.025000 ms)

========================================================================
Received Prepare
Registering precompiled user dll's ...
Registered in 0.004471 seconds.
Begin MonoManager ReloadAssembly
Native extension for WindowsStandalone target not found
Refreshing native plugins compatible for Editor in 0.86 ms, found 1 plugins.
Preloading 0 native plugins for Editor in 0.00 ms.
Mono: successfully reloaded assembly
- Completed reload, in  1.397 seconds
Platform modules already initialized, skipping
Refreshing native plugins compatible for Editor in 1.07 ms, found 1 plugins.
Preloading 0 native plugins for Editor in 0.00 ms.
Unloading 2660 Unused Serialized files (Serialized files now loaded: 0)
System memory in use before: 98.1 MB.
System memory in use after: 98.3 MB.

Unloading 9 unused Assets to reduce memory usage. Loaded Objects now: 3140.
Total: 6.077000 ms (FindLiveObjects: 0.658000 ms CreateObjectMapping: 0.470500 ms MarkObjects: 4.919100 ms  DeleteObjects: 0.027400 ms)

========================================================================
Received Import Request.
  Time since last request: 150.434558 seconds.
  path: Assets/script/Main.cs
  artifactKey: Guid(56cab28e461c1154bba5186c044c3f7d) Importer(815301076,1909f56bfc062723c751e8b465ee728b)
Start importing Assets/script/Main.cs using Guid(56cab28e461c1154bba5186c044c3f7d) Importer(815301076,1909f56bfc062723c751e8b465ee728b)  -> (artifact id: 'dc07b407d45d10943853c41a9cc060fa') in 0.015292 seconds 
========================================================================
Received Prepare
Registering precompiled user dll's ...
Registered in 0.004020 seconds.
Begin MonoManager ReloadAssembly
Native extension for WindowsStandalone target not found
Refreshing native plugins compatible for Editor in 0.66 ms, found 1 plugins.
Preloading 0 native plugins for Editor in 0.00 ms.
Mono: successfully reloaded assembly
- Completed reload, in  2.265 seconds
Platform modules already initialized, skipping
Refreshing native plugins compatible for Editor in 0.85 ms, found 1 plugins.
Preloading 0 native plugins for Editor in 0.00 ms.
Unloading 2660 Unused Serialized files (Serialized files now loaded: 0)
System memory in use before: 98.1 MB.
System memory in use after: 98.3 MB.

Unloading 9 unused Assets to reduce memory usage. Loaded Objects now: 3143.
Total: 4.840700 ms (FindLiveObjects: 1.182500 ms CreateObjectMapping: 0.328500 ms MarkObjects: 3.297000 ms  DeleteObjects: 0.031000 ms)

========================================================================
Received Prepare
Registering precompiled user dll's ...
Registered in 0.004534 seconds.
Begin MonoManager ReloadAssembly
Native extension for WindowsStandalone target not found
Refreshing native plugins compatible for Editor in 0.80 ms, found 1 plugins.
Preloading 0 native plugins for Editor in 0.00 ms.
Mono: successfully reloaded assembly
- Completed reload, in  1.255 seconds
Platform modules already initialized, skipping
Refreshing native plugins compatible for Editor in 1.12 ms, found 1 plugins.
Preloading 0 native plugins for Editor in 0.00 ms.
Unloading 2660 Unused Serialized files (Serialized files now loaded: 0)
System memory in use before: 98.1 MB.
System memory in use after: 98.3 MB.

Unloading 9 unused Assets to reduce memory usage. Loaded Objects now: 3146.
Total: 3.707400 ms (FindLiveObjects: 0.370500 ms CreateObjectMapping: 0.178100 ms MarkObjects: 3.124500 ms  DeleteObjects: 0.032700 ms)

========================================================================
Received Import Request.
  Time since last request: 442.491331 seconds.
  path: Assets/script/Main.cs
  artifactKey: Guid(56cab28e461c1154bba5186c044c3f7d) Importer(815301076,1909f56bfc062723c751e8b465ee728b)
Start importing Assets/script/Main.cs using Guid(56cab28e461c1154bba5186c044c3f7d) Importer(815301076,1909f56bfc062723c751e8b465ee728b)  -> (artifact id: 'bb21efa4cd2d4a6557b0a17fd9645bb4') in 0.020180 seconds 
========================================================================
Received Prepare
Registering precompiled user dll's ...
Registered in 0.008888 seconds.
Begin MonoManager ReloadAssembly
Native extension for WindowsStandalone target not found
Refreshing native plugins compatible for Editor in 0.53 ms, found 1 plugins.
Preloading 0 native plugins for Editor in 0.00 ms.
Mono: successfully reloaded assembly
- Completed reload, in  1.787 seconds
Platform modules already initialized, skipping
Refreshing native plugins compatible for Editor in 0.84 ms, found 1 plugins.
Preloading 0 native plugins for Editor in 0.00 ms.
Unloading 2660 Unused Serialized files (Serialized files now loaded: 0)
System memory in use before: 98.1 MB.
System memory in use after: 98.3 MB.

Unloading 9 unused Assets to reduce memory usage. Loaded Objects now: 3149.
Total: 2.462300 ms (FindLiveObjects: 0.241400 ms CreateObjectMapping: 0.116600 ms MarkObjects: 2.080800 ms  DeleteObjects: 0.022200 ms)

========================================================================
Received Import Request.
  Time since last request: 88.766160 seconds.
  path: Assets/script/Main.cs
  artifactKey: Guid(56cab28e461c1154bba5186c044c3f7d) Importer(815301076,1909f56bfc062723c751e8b465ee728b)
Start importing Assets/script/Main.cs using Guid(56cab28e461c1154bba5186c044c3f7d) Importer(815301076,1909f56bfc062723c751e8b465ee728b)  -> (artifact id: '53af1b92b3e4f9fde6bd268fe4c6bcf7') in 0.016922 seconds 
========================================================================
Received Prepare
Registering precompiled user dll's ...
Registered in 0.003489 seconds.
Begin MonoManager ReloadAssembly
Native extension for WindowsStandalone target not found
Refreshing native plugins compatible for Editor in 0.52 ms, found 1 plugins.
Preloading 0 native plugins for Editor in 0.00 ms.
Mono: successfully reloaded assembly
- Completed reload, in  1.383 seconds
Platform modules already initialized, skipping
Refreshing native plugins compatible for Editor in 1.16 ms, found 1 plugins.
Preloading 0 native plugins for Editor in 0.00 ms.
Unloading 2660 Unused Serialized files (Serialized files now loaded: 0)
System memory in use before: 98.1 MB.
System memory in use after: 98.3 MB.

Unloading 9 unused Assets to reduce memory usage. Loaded Objects now: 3152.
Total: 7.420900 ms (FindLiveObjects: 0.442800 ms CreateObjectMapping: 0.692500 ms MarkObjects: 6.251800 ms  DeleteObjects: 0.031700 ms)

========================================================================
Received Import Request.
  Time since last request: 150.578272 seconds.
  path: Assets/script/Main.cs
  artifactKey: Guid(56cab28e461c1154bba5186c044c3f7d) Importer(815301076,1909f56bfc062723c751e8b465ee728b)
Start importing Assets/script/Main.cs using Guid(56cab28e461c1154bba5186c044c3f7d) Importer(815301076,1909f56bfc062723c751e8b465ee728b)  -> (artifact id: 'c04980b0fbf810512213a8b3668d0850') in 0.026631 seconds 
========================================================================
Received Prepare
Registering precompiled user dll's ...
Registered in 0.003462 seconds.
Begin MonoManager ReloadAssembly
Native extension for WindowsStandalone target not found
Refreshing native plugins compatible for Editor in 0.89 ms, found 1 plugins.
Preloading 0 native plugins for Editor in 0.00 ms.
Mono: successfully reloaded assembly
- Completed reload, in  1.472 seconds
Platform modules already initialized, skipping
Refreshing native plugins compatible for Editor in 1.28 ms, found 1 plugins.
Preloading 0 native plugins for Editor in 0.00 ms.
Unloading 2660 Unused Serialized files (Serialized files now loaded: 0)
System memory in use before: 98.1 MB.
System memory in use after: 98.3 MB.

Unloading 9 unused Assets to reduce memory usage. Loaded Objects now: 3155.
Total: 3.979500 ms (FindLiveObjects: 0.665300 ms CreateObjectMapping: 0.333600 ms MarkObjects: 2.953100 ms  DeleteObjects: 0.026000 ms)

========================================================================
Received Prepare
Registering precompiled user dll's ...
Registered in 0.004007 seconds.
Begin MonoManager ReloadAssembly
Native extension for WindowsStandalone target not found
Refreshing native plugins compatible for Editor in 0.54 ms, found 1 plugins.
Preloading 0 native plugins for Editor in 0.00 ms.
Mono: successfully reloaded assembly
- Completed reload, in  1.736 seconds
Platform modules already initialized, skipping
Refreshing native plugins compatible for Editor in 0.79 ms, found 1 plugins.
Preloading 0 native plugins for Editor in 0.00 ms.
Unloading 2660 Unused Serialized files (Serialized files now loaded: 0)
System memory in use before: 98.1 MB.
System memory in use after: 98.3 MB.

Unloading 9 unused Assets to reduce memory usage. Loaded Objects now: 3158.
Total: 2.276000 ms (FindLiveObjects: 0.252800 ms CreateObjectMapping: 0.158600 ms MarkObjects: 1.841900 ms  DeleteObjects: 0.021600 ms)

========================================================================
Received Import Request.
  Time since last request: 83.281436 seconds.
  path: Assets/script/Main.cs
  artifactKey: Guid(56cab28e461c1154bba5186c044c3f7d) Importer(815301076,1909f56bfc062723c751e8b465ee728b)
Start importing Assets/script/Main.cs using Guid(56cab28e461c1154bba5186c044c3f7d) Importer(815301076,1909f56bfc062723c751e8b465ee728b)  -> (artifact id: 'bbae37679b0670267a23e835dae70992') in 0.009673 seconds 
========================================================================
Received Prepare
Registering precompiled user dll's ...
Registered in 0.003495 seconds.
Begin MonoManager ReloadAssembly
Native extension for WindowsStandalone target not found
Refreshing native plugins compatible for Editor in 0.94 ms, found 1 plugins.
Preloading 0 native plugins for Editor in 0.00 ms.
Mono: successfully reloaded assembly
- Completed reload, in  1.767 seconds
Platform modules already initialized, skipping
Refreshing native plugins compatible for Editor in 0.73 ms, found 1 plugins.
Preloading 0 native plugins for Editor in 0.00 ms.
Unloading 2660 Unused Serialized files (Serialized files now loaded: 0)
System memory in use before: 98.1 MB.
System memory in use after: 98.3 MB.

Unloading 9 unused Assets to reduce memory usage. Loaded Objects now: 3161.
Total: 4.355900 ms (FindLiveObjects: 0.377200 ms CreateObjectMapping: 0.255400 ms MarkObjects: 3.684300 ms  DeleteObjects: 0.037200 ms)

========================================================================
Received Import Request.
  Time since last request: 4.003842 seconds.
  path: Assets/script/Main.cs
  artifactKey: Guid(56cab28e461c1154bba5186c044c3f7d) Importer(815301076,1909f56bfc062723c751e8b465ee728b)
Start importing Assets/script/Main.cs using Guid(56cab28e461c1154bba5186c044c3f7d) Importer(815301076,1909f56bfc062723c751e8b465ee728b)  -> (artifact id: '3c1ca96851a4c9b8917387325fd069e8') in 0.021643 seconds 
========================================================================
Received Prepare
Registering precompiled user dll's ...
Registered in 0.004958 seconds.
Begin MonoManager ReloadAssembly
Native extension for WindowsStandalone target not found
Refreshing native plugins compatible for Editor in 0.63 ms, found 1 plugins.
Preloading 0 native plugins for Editor in 0.00 ms.
Mono: successfully reloaded assembly
- Completed reload, in  1.389 seconds
Platform modules already initialized, skipping
Refreshing native plugins compatible for Editor in 0.99 ms, found 1 plugins.
Preloading 0 native plugins for Editor in 0.00 ms.
Unloading 2660 Unused Serialized files (Serialized files now loaded: 0)
System memory in use before: 98.1 MB.
System memory in use after: 98.3 MB.

Unloading 9 unused Assets to reduce memory usage. Loaded Objects now: 3164.
Total: 3.091300 ms (FindLiveObjects: 0.376600 ms CreateObjectMapping: 0.194500 ms MarkObjects: 2.493200 ms  DeleteObjects: 0.025300 ms)

========================================================================
Received Prepare
Registering precompiled user dll's ...
Registered in 0.013024 seconds.
Begin MonoManager ReloadAssembly
Native extension for WindowsStandalone target not found
Refreshing native plugins compatible for Editor in 0.88 ms, found 1 plugins.
Preloading 0 native plugins for Editor in 0.00 ms.
Mono: successfully reloaded assembly
- Completed reload, in  2.269 seconds
Platform modules already initialized, skipping
Refreshing native plugins compatible for Editor in 0.53 ms, found 1 plugins.
Preloading 0 native plugins for Editor in 0.00 ms.
Unloading 2660 Unused Serialized files (Serialized files now loaded: 0)
System memory in use before: 98.1 MB.
System memory in use after: 98.3 MB.

Unloading 9 unused Assets to reduce memory usage. Loaded Objects now: 3167.
Total: 3.305800 ms (FindLiveObjects: 0.293300 ms CreateObjectMapping: 0.154800 ms MarkObjects: 2.827800 ms  DeleteObjects: 0.028100 ms)

========================================================================
Received Import Request.
  Time since last request: 51.481195 seconds.
  path: Assets/script/Main.cs
  artifactKey: Guid(56cab28e461c1154bba5186c044c3f7d) Importer(815301076,1909f56bfc062723c751e8b465ee728b)
Start importing Assets/script/Main.cs using Guid(56cab28e461c1154bba5186c044c3f7d) Importer(815301076,1909f56bfc062723c751e8b465ee728b)  -> (artifact id: 'b045e22b7948c072157f4fcf841ad521') in 0.023421 seconds 
========================================================================
Received Prepare
Registering precompiled user dll's ...
Registered in 0.003634 seconds.
Begin MonoManager ReloadAssembly
Native extension for WindowsStandalone target not found
Refreshing native plugins compatible for Editor in 0.72 ms, found 1 plugins.
Preloading 0 native plugins for Editor in 0.00 ms.
Mono: successfully reloaded assembly
- Completed reload, in  1.749 seconds
Platform modules already initialized, skipping
Refreshing native plugins compatible for Editor in 1.16 ms, found 1 plugins.
Preloading 0 native plugins for Editor in 0.00 ms.
Unloading 2660 Unused Serialized files (Serialized files now loaded: 0)
System memory in use before: 98.1 MB.
System memory in use after: 98.3 MB.

Unloading 9 unused Assets to reduce memory usage. Loaded Objects now: 3170.
Total: 10.938200 ms (FindLiveObjects: 1.744900 ms CreateObjectMapping: 0.596900 ms MarkObjects: 8.567000 ms  DeleteObjects: 0.026600 ms)

========================================================================
Received Prepare
Registering precompiled user dll's ...
Registered in 0.003515 seconds.
Begin MonoManager ReloadAssembly
Native extension for WindowsStandalone target not found
Refreshing native plugins compatible for Editor in 0.70 ms, found 1 plugins.
Preloading 0 native plugins for Editor in 0.00 ms.
Mono: successfully reloaded assembly
- Completed reload, in  1.662 seconds
Platform modules already initialized, skipping
Refreshing native plugins compatible for Editor in 0.50 ms, found 1 plugins.
Preloading 0 native plugins for Editor in 0.00 ms.
Unloading 2660 Unused Serialized files (Serialized files now loaded: 0)
System memory in use before: 98.1 MB.
System memory in use after: 98.3 MB.

Unloading 9 unused Assets to reduce memory usage. Loaded Objects now: 3173.
Total: 3.265500 ms (FindLiveObjects: 0.277500 ms CreateObjectMapping: 0.153900 ms MarkObjects: 2.770400 ms  DeleteObjects: 0.062300 ms)

========================================================================
Received Import Request.
  Time since last request: 77.261973 seconds.
  path: Assets/script/Main.cs
  artifactKey: Guid(56cab28e461c1154bba5186c044c3f7d) Importer(815301076,1909f56bfc062723c751e8b465ee728b)
Start importing Assets/script/Main.cs using Guid(56cab28e461c1154bba5186c044c3f7d) Importer(815301076,1909f56bfc062723c751e8b465ee728b)  -> (artifact id: '8abafcd33abda38172a2a2a819b73cf9') in 0.010438 seconds 
========================================================================
Received Prepare
Registering precompiled user dll's ...
Registered in 0.004122 seconds.
Begin MonoManager ReloadAssembly
Native extension for WindowsStandalone target not found
Refreshing native plugins compatible for Editor in 0.58 ms, found 1 plugins.
Preloading 0 native plugins for Editor in 0.00 ms.
Mono: successfully reloaded assembly
- Completed reload, in  1.629 seconds
Platform modules already initialized, skipping
Refreshing native plugins compatible for Editor in 1.48 ms, found 1 plugins.
Preloading 0 native plugins for Editor in 0.00 ms.
Unloading 2660 Unused Serialized files (Serialized files now loaded: 0)
System memory in use before: 98.1 MB.
System memory in use after: 98.3 MB.

Unloading 9 unused Assets to reduce memory usage. Loaded Objects now: 3176.
Total: 4.021500 ms (FindLiveObjects: 0.274300 ms CreateObjectMapping: 0.174000 ms MarkObjects: 3.550900 ms  DeleteObjects: 0.020700 ms)

========================================================================
Received Prepare
Registering precompiled user dll's ...
Registered in 0.008904 seconds.
Begin MonoManager ReloadAssembly
Native extension for WindowsStandalone target not found
Refreshing native plugins compatible for Editor in 0.85 ms, found 1 plugins.
Preloading 0 native plugins for Editor in 0.00 ms.
Mono: successfully reloaded assembly
- Completed reload, in  1.602 seconds
Platform modules already initialized, skipping
Refreshing native plugins compatible for Editor in 0.52 ms, found 1 plugins.
Preloading 0 native plugins for Editor in 0.00 ms.
Unloading 2660 Unused Serialized files (Serialized files now loaded: 0)
System memory in use before: 98.1 MB.
System memory in use after: 98.3 MB.

Unloading 9 unused Assets to reduce memory usage. Loaded Objects now: 3179.
Total: 3.141300 ms (FindLiveObjects: 0.258600 ms CreateObjectMapping: 0.158600 ms MarkObjects: 2.699300 ms  DeleteObjects: 0.023700 ms)

========================================================================
Received Prepare
Registering precompiled user dll's ...
Registered in 0.003867 seconds.
Begin MonoManager ReloadAssembly
Native extension for WindowsStandalone target not found
Refreshing native plugins compatible for Editor in 0.58 ms, found 1 plugins.
Preloading 0 native plugins for Editor in 0.00 ms.
Mono: successfully reloaded assembly
- Completed reload, in  2.320 seconds
Platform modules already initialized, skipping
Refreshing native plugins compatible for Editor in 0.51 ms, found 1 plugins.
Preloading 0 native plugins for Editor in 0.00 ms.
Unloading 2660 Unused Serialized files (Serialized files now loaded: 0)
System memory in use before: 98.1 MB.
System memory in use after: 98.4 MB.

Unloading 9 unused Assets to reduce memory usage. Loaded Objects now: 3182.
Total: 4.401700 ms (FindLiveObjects: 0.256100 ms CreateObjectMapping: 0.164600 ms MarkObjects: 3.943700 ms  DeleteObjects: 0.035200 ms)

========================================================================
Received Import Request.
  Time since last request: 172.104491 seconds.
  path: Assets/script/Main.cs
  artifactKey: Guid(56cab28e461c1154bba5186c044c3f7d) Importer(815301076,1909f56bfc062723c751e8b465ee728b)
Start importing Assets/script/Main.cs using Guid(56cab28e461c1154bba5186c044c3f7d) Importer(815301076,1909f56bfc062723c751e8b465ee728b)  -> (artifact id: '7c71db849e1cdb634d9dc5fcef096f44') in 0.009390 seconds 
========================================================================
Received Prepare
Registering precompiled user dll's ...
Registered in 0.005474 seconds.
Begin MonoManager ReloadAssembly
Native extension for WindowsStandalone target not found
Refreshing native plugins compatible for Editor in 0.81 ms, found 1 plugins.
Preloading 0 native plugins for Editor in 0.00 ms.
Mono: successfully reloaded assembly
- Completed reload, in  1.936 seconds
Platform modules already initialized, skipping
Refreshing native plugins compatible for Editor in 0.80 ms, found 1 plugins.
Preloading 0 native plugins for Editor in 0.00 ms.
Unloading 2660 Unused Serialized files (Serialized files now loaded: 0)
System memory in use before: 98.1 MB.
System memory in use after: 98.4 MB.

Unloading 9 unused Assets to reduce memory usage. Loaded Objects now: 3185.
Total: 2.838600 ms (FindLiveObjects: 0.241700 ms CreateObjectMapping: 0.154200 ms MarkObjects: 2.419300 ms  DeleteObjects: 0.021900 ms)

AssetImportWorkerClient::OnTransportError - code=2 error=End of file
